CRITICAL - 2022-12-30 17:15:01 -->  is not a valid rule.
#0 E:\KP\labsepnop\system\Validation\Validation.php(300): CodeIgniter\Validation\Exceptions\ValidationException::forRuleNotFound('')
#1 E:\KP\labsepnop\system\Validation\Validation.php(157): CodeIgniter\Validation\Validation->processRules('modulku', 'modulku', NULL, Array, Array)
#2 E:\KP\labsepnop\system\Controller.php(160): CodeIgniter\Validation\Validation->run()
#3 E:\KP\labsepnop\app\Controllers\Laboran\Upmodul.php(30): CodeIgniter\Controller->validate(Array)
#4 E:\KP\labsepnop\system\CodeIgniter.php(832): App\Controllers\Laboran\Upmodul->postmodul()
#5 E:\KP\labsepnop\system\CodeIgniter.php(419): CodeIgniter\CodeIgniter->runController(Object(App\Controllers\Laboran\Upmodul))
#6 E:\KP\labsepnop\system\CodeIgniter.php(326): CodeIgniter\CodeIgniter->handleRequest(NULL, Object(Config\Cache), false)
#7 E:\KP\labsepnop\public\index.php(37): CodeIgniter\CodeIgniter->run()
#8 E:\KP\labsepnop\system\Commands\Server\rewrite.php(43): require_once('E:\\KP\\labsepnop...')
#9 {main}
CRITICAL - 2022-12-30 17:17:07 -->  is not a valid rule.
#0 E:\KP\labsepnop\system\Validation\Validation.php(300): CodeIgniter\Validation\Exceptions\ValidationException::forRuleNotFound('')
#1 E:\KP\labsepnop\system\Validation\Validation.php(157): CodeIgniter\Validation\Validation->processRules('modulku', 'modulku', NULL, Array, Array)
#2 E:\KP\labsepnop\system\Controller.php(160): CodeIgniter\Validation\Validation->run()
#3 E:\KP\labsepnop\app\Controllers\Laboran\Upmodul.php(32): CodeIgniter\Controller->validate(Array)
#4 E:\KP\labsepnop\system\CodeIgniter.php(832): App\Controllers\Laboran\Upmodul->postmodul()
#5 E:\KP\labsepnop\system\CodeIgniter.php(419): CodeIgniter\CodeIgniter->runController(Object(App\Controllers\Laboran\Upmodul))
#6 E:\KP\labsepnop\system\CodeIgniter.php(326): CodeIgniter\CodeIgniter->handleRequest(NULL, Object(Config\Cache), false)
#7 E:\KP\labsepnop\public\index.php(37): CodeIgniter\CodeIgniter->run()
#8 E:\KP\labsepnop\system\Commands\Server\rewrite.php(43): require_once('E:\\KP\\labsepnop...')
#9 {main}
CRITICAL - 2022-12-30 17:17:11 -->  is not a valid rule.
#0 E:\KP\labsepnop\system\Validation\Validation.php(300): CodeIgniter\Validation\Exceptions\ValidationException::forRuleNotFound('')
#1 E:\KP\labsepnop\system\Validation\Validation.php(157): CodeIgniter\Validation\Validation->processRules('modulku', 'modulku', NULL, Array, Array)
#2 E:\KP\labsepnop\system\Controller.php(160): CodeIgniter\Validation\Validation->run()
#3 E:\KP\labsepnop\app\Controllers\Laboran\Upmodul.php(32): CodeIgniter\Controller->validate(Array)
#4 E:\KP\labsepnop\system\CodeIgniter.php(832): App\Controllers\Laboran\Upmodul->postmodul()
#5 E:\KP\labsepnop\system\CodeIgniter.php(419): CodeIgniter\CodeIgniter->runController(Object(App\Controllers\Laboran\Upmodul))
#6 E:\KP\labsepnop\system\CodeIgniter.php(326): CodeIgniter\CodeIgniter->handleRequest(NULL, Object(Config\Cache), false)
#7 E:\KP\labsepnop\public\index.php(37): CodeIgniter\CodeIgniter->run()
#8 E:\KP\labsepnop\system\Commands\Server\rewrite.php(43): require_once('E:\\KP\\labsepnop...')
#9 {main}
CRITICAL - 2022-12-30 17:18:26 -->  is not a valid rule.
#0 E:\KP\labsepnop\system\Validation\Validation.php(300): CodeIgniter\Validation\Exceptions\ValidationException::forRuleNotFound('')
#1 E:\KP\labsepnop\system\Validation\Validation.php(157): CodeIgniter\Validation\Validation->processRules('modulku', 'modulku', NULL, Array, Array)
#2 E:\KP\labsepnop\system\Controller.php(160): CodeIgniter\Validation\Validation->run()
#3 E:\KP\labsepnop\app\Controllers\Laboran\Upmodul.php(32): CodeIgniter\Controller->validate(Array)
#4 E:\KP\labsepnop\system\CodeIgniter.php(832): App\Controllers\Laboran\Upmodul->postmodul()
#5 E:\KP\labsepnop\system\CodeIgniter.php(419): CodeIgniter\CodeIgniter->runController(Object(App\Controllers\Laboran\Upmodul))
#6 E:\KP\labsepnop\system\CodeIgniter.php(326): CodeIgniter\CodeIgniter->handleRequest(NULL, Object(Config\Cache), false)
#7 E:\KP\labsepnop\public\index.php(37): CodeIgniter\CodeIgniter->run()
#8 E:\KP\labsepnop\system\Commands\Server\rewrite.php(43): require_once('E:\\KP\\labsepnop...')
#9 {main}
CRITICAL - 2022-12-30 17:18:41 -->  is not a valid rule.
#0 E:\KP\labsepnop\system\Validation\Validation.php(300): CodeIgniter\Validation\Exceptions\ValidationException::forRuleNotFound('')
#1 E:\KP\labsepnop\system\Validation\Validation.php(157): CodeIgniter\Validation\Validation->processRules('modulku', 'modulku', NULL, Array, Array)
#2 E:\KP\labsepnop\system\Controller.php(160): CodeIgniter\Validation\Validation->run()
#3 E:\KP\labsepnop\app\Controllers\Laboran\Upmodul.php(30): CodeIgniter\Controller->validate(Array)
#4 E:\KP\labsepnop\system\CodeIgniter.php(832): App\Controllers\Laboran\Upmodul->postmodul()
#5 E:\KP\labsepnop\system\CodeIgniter.php(419): CodeIgniter\CodeIgniter->runController(Object(App\Controllers\Laboran\Upmodul))
#6 E:\KP\labsepnop\system\CodeIgniter.php(326): CodeIgniter\CodeIgniter->handleRequest(NULL, Object(Config\Cache), false)
#7 E:\KP\labsepnop\public\index.php(37): CodeIgniter\CodeIgniter->run()
#8 E:\KP\labsepnop\system\Commands\Server\rewrite.php(43): require_once('E:\\KP\\labsepnop...')
#9 {main}
CRITICAL - 2022-12-30 17:19:42 -->  is not a valid rule.
#0 E:\KP\labsepnop\system\Validation\Validation.php(300): CodeIgniter\Validation\Exceptions\ValidationException::forRuleNotFound('')
#1 E:\KP\labsepnop\system\Validation\Validation.php(157): CodeIgniter\Validation\Validation->processRules('modulku', 'modulku', NULL, Array, Array)
#2 E:\KP\labsepnop\system\Controller.php(160): CodeIgniter\Validation\Validation->run()
#3 E:\KP\labsepnop\app\Controllers\Laboran\Upmodul.php(30): CodeIgniter\Controller->validate(Array)
#4 E:\KP\labsepnop\system\CodeIgniter.php(832): App\Controllers\Laboran\Upmodul->postmodul()
#5 E:\KP\labsepnop\system\CodeIgniter.php(419): CodeIgniter\CodeIgniter->runController(Object(App\Controllers\Laboran\Upmodul))
#6 E:\KP\labsepnop\system\CodeIgniter.php(326): CodeIgniter\CodeIgniter->handleRequest(NULL, Object(Config\Cache), false)
#7 E:\KP\labsepnop\public\index.php(37): CodeIgniter\CodeIgniter->run()
#8 E:\KP\labsepnop\system\Commands\Server\rewrite.php(43): require_once('E:\\KP\\labsepnop...')
#9 {main}
CRITICAL - 2022-12-30 17:24:33 -->  is not a valid rule.
#0 E:\KP\labsepnop\system\Validation\Validation.php(300): CodeIgniter\Validation\Exceptions\ValidationException::forRuleNotFound('')
#1 E:\KP\labsepnop\system\Validation\Validation.php(157): CodeIgniter\Validation\Validation->processRules('modulku', 'modulku', NULL, Array, Array)
#2 E:\KP\labsepnop\system\Controller.php(160): CodeIgniter\Validation\Validation->run()
#3 E:\KP\labsepnop\app\Controllers\Laboran\Upmodul.php(30): CodeIgniter\Controller->validate(Array)
#4 E:\KP\labsepnop\system\CodeIgniter.php(832): App\Controllers\Laboran\Upmodul->postmodul()
#5 E:\KP\labsepnop\system\CodeIgniter.php(419): CodeIgniter\CodeIgniter->runController(Object(App\Controllers\Laboran\Upmodul))
#6 E:\KP\labsepnop\system\CodeIgniter.php(326): CodeIgniter\CodeIgniter->handleRequest(NULL, Object(Config\Cache), false)
#7 E:\KP\labsepnop\public\index.php(37): CodeIgniter\CodeIgniter->run()
#8 E:\KP\labsepnop\system\Commands\Server\rewrite.php(43): require_once('E:\\KP\\labsepnop...')
#9 {main}
CRITICAL - 2022-12-30 17:25:59 -->  is not a valid rule.
#0 E:\KP\labsepnop\system\Validation\Validation.php(300): CodeIgniter\Validation\Exceptions\ValidationException::forRuleNotFound('')
#1 E:\KP\labsepnop\system\Validation\Validation.php(157): CodeIgniter\Validation\Validation->processRules('modulku', 'modulku', NULL, Array, Array)
#2 E:\KP\labsepnop\system\Controller.php(160): CodeIgniter\Validation\Validation->run()
#3 E:\KP\labsepnop\app\Controllers\Laboran\Upmodul.php(30): CodeIgniter\Controller->validate(Array)
#4 E:\KP\labsepnop\system\CodeIgniter.php(832): App\Controllers\Laboran\Upmodul->postmodul()
#5 E:\KP\labsepnop\system\CodeIgniter.php(419): CodeIgniter\CodeIgniter->runController(Object(App\Controllers\Laboran\Upmodul))
#6 E:\KP\labsepnop\system\CodeIgniter.php(326): CodeIgniter\CodeIgniter->handleRequest(NULL, Object(Config\Cache), false)
#7 E:\KP\labsepnop\public\index.php(37): CodeIgniter\CodeIgniter->run()
#8 E:\KP\labsepnop\system\Commands\Server\rewrite.php(43): require_once('E:\\KP\\labsepnop...')
#9 {main}
CRITICAL - 2022-12-30 17:31:44 -->  is not a valid rule.
#0 E:\KP\labsepnop\system\Validation\Validation.php(300): CodeIgniter\Validation\Exceptions\ValidationException::forRuleNotFound('')
#1 E:\KP\labsepnop\system\Validation\Validation.php(157): CodeIgniter\Validation\Validation->processRules('modulku', 'modulku', NULL, Array, Array)
#2 E:\KP\labsepnop\system\Controller.php(160): CodeIgniter\Validation\Validation->run()
#3 E:\KP\labsepnop\app\Controllers\Laboran\Upmodul.php(32): CodeIgniter\Controller->validate(Array)
#4 E:\KP\labsepnop\system\CodeIgniter.php(832): App\Controllers\Laboran\Upmodul->postmodul()
#5 E:\KP\labsepnop\system\CodeIgniter.php(419): CodeIgniter\CodeIgniter->runController(Object(App\Controllers\Laboran\Upmodul))
#6 E:\KP\labsepnop\system\CodeIgniter.php(326): CodeIgniter\CodeIgniter->handleRequest(NULL, Object(Config\Cache), false)
#7 E:\KP\labsepnop\public\index.php(37): CodeIgniter\CodeIgniter->run()
#8 E:\KP\labsepnop\system\Commands\Server\rewrite.php(43): require_once('E:\\KP\\labsepnop...')
#9 {main}
