CRITICAL - 2023-03-14 06:35:04 --> Undefined variable $title
#0 /home/rygba/Desktop/labsepnop/app/Views/template.php(12): CodeIgniter\Debug\Exceptions->errorHandler()
#1 /home/rygba/Desktop/labsepnop/system/View/View.php(210): include('...')
#2 /home/rygba/Desktop/labsepnop/system/View/View.php(213): CodeIgniter\View\View->CodeIgniter\View\{closure}()
#3 /home/rygba/Desktop/labsepnop/system/View/View.php(226): CodeIgniter\View\View->render()
#4 /home/rygba/Desktop/labsepnop/system/Common.php(1089): CodeIgniter\View\View->render()
#5 /home/rygba/Desktop/labsepnop/app/Controllers/Admin/Laboran.php(11): view()
#6 /home/rygba/Desktop/labsepnop/system/CodeIgniter.php(832): App\Controllers\Admin\Laboran->index()
#7 /home/rygba/Desktop/labsepnop/system/CodeIgniter.php(419): CodeIgniter\CodeIgniter->runController()
#8 /home/rygba/Desktop/labsepnop/system/CodeIgniter.php(326): CodeIgniter\CodeIgniter->handleRequest()
#9 /home/rygba/Desktop/labsepnop/public/index.php(37): CodeIgniter\CodeIgniter->run()
#10 /home/rygba/Desktop/labsepnop/system/Commands/Server/rewrite.php(43): require_once('...')
#11 {main}
CRITICAL - 2023-03-14 06:36:01 --> Undefined variable $title
#0 /home/rygba/Desktop/labsepnop/app/Views/template.php(12): CodeIgniter\Debug\Exceptions->errorHandler()
#1 /home/rygba/Desktop/labsepnop/system/View/View.php(210): include('...')
#2 /home/rygba/Desktop/labsepnop/system/View/View.php(213): CodeIgniter\View\View->CodeIgniter\View\{closure}()
#3 /home/rygba/Desktop/labsepnop/system/View/View.php(226): CodeIgniter\View\View->render()
#4 /home/rygba/Desktop/labsepnop/system/Common.php(1089): CodeIgniter\View\View->render()
#5 /home/rygba/Desktop/labsepnop/app/Controllers/Admin/Laboran.php(12): view()
#6 /home/rygba/Desktop/labsepnop/system/CodeIgniter.php(832): App\Controllers\Admin\Laboran->index()
#7 /home/rygba/Desktop/labsepnop/system/CodeIgniter.php(419): CodeIgniter\CodeIgniter->runController()
#8 /home/rygba/Desktop/labsepnop/system/CodeIgniter.php(326): CodeIgniter\CodeIgniter->handleRequest()
#9 /home/rygba/Desktop/labsepnop/public/index.php(37): CodeIgniter\CodeIgniter->run()
#10 /home/rygba/Desktop/labsepnop/system/Commands/Server/rewrite.php(43): require_once('...')
#11 {main}
CRITICAL - 2023-03-14 06:37:09 --> Undefined variable $menu
#0 /home/rygba/Desktop/labsepnop/app/Views/template.php(44): CodeIgniter\Debug\Exceptions->errorHandler()
#1 /home/rygba/Desktop/labsepnop/system/View/View.php(210): include('...')
#2 /home/rygba/Desktop/labsepnop/system/View/View.php(213): CodeIgniter\View\View->CodeIgniter\View\{closure}()
#3 /home/rygba/Desktop/labsepnop/system/View/View.php(226): CodeIgniter\View\View->render()
#4 /home/rygba/Desktop/labsepnop/system/Common.php(1089): CodeIgniter\View\View->render()
#5 /home/rygba/Desktop/labsepnop/app/Controllers/Admin/Laboran.php(12): view()
#6 /home/rygba/Desktop/labsepnop/system/CodeIgniter.php(832): App\Controllers\Admin\Laboran->index()
#7 /home/rygba/Desktop/labsepnop/system/CodeIgniter.php(419): CodeIgniter\CodeIgniter->runController()
#8 /home/rygba/Desktop/labsepnop/system/CodeIgniter.php(326): CodeIgniter\CodeIgniter->handleRequest()
#9 /home/rygba/Desktop/labsepnop/public/index.php(37): CodeIgniter\CodeIgniter->run()
#10 /home/rygba/Desktop/labsepnop/system/Commands/Server/rewrite.php(43): require_once('...')
#11 {main}
CRITICAL - 2023-03-14 06:37:45 --> Undefined variable $subtitle
#0 /home/rygba/Desktop/labsepnop/app/Views/template.php(297): CodeIgniter\Debug\Exceptions->errorHandler()
#1 /home/rygba/Desktop/labsepnop/system/View/View.php(210): include('...')
#2 /home/rygba/Desktop/labsepnop/system/View/View.php(213): CodeIgniter\View\View->CodeIgniter\View\{closure}()
#3 /home/rygba/Desktop/labsepnop/system/View/View.php(226): CodeIgniter\View\View->render()
#4 /home/rygba/Desktop/labsepnop/system/Common.php(1089): CodeIgniter\View\View->render()
#5 /home/rygba/Desktop/labsepnop/app/Controllers/Admin/Laboran.php(12): view()
#6 /home/rygba/Desktop/labsepnop/system/CodeIgniter.php(832): App\Controllers\Admin\Laboran->index()
#7 /home/rygba/Desktop/labsepnop/system/CodeIgniter.php(419): CodeIgniter\CodeIgniter->runController()
#8 /home/rygba/Desktop/labsepnop/system/CodeIgniter.php(326): CodeIgniter\CodeIgniter->handleRequest()
#9 /home/rygba/Desktop/labsepnop/public/index.php(37): CodeIgniter\CodeIgniter->run()
#10 /home/rygba/Desktop/labsepnop/system/Commands/Server/rewrite.php(43): require_once('...')
#11 {main}
