CRITICAL - 2023-01-06 00:02:40 --> Undefined variable $menu
#0 D:\Kuliah\KP\lab\labsepnop\app\Views\template.php(44): CodeIgniter\Debug\Exceptions->errorHandler(2, 'Undefined varia...', 'D:\\Kuliah\\KP\\la...', 44)
#1 D:\Kuliah\KP\lab\labsepnop\system\View\View.php(210): include('D:\\Kuliah\\KP\\la...')
#2 D:\Kuliah\KP\lab\labsepnop\system\View\View.php(213): CodeIgniter\View\View->CodeIgniter\View\{closure}()
#3 D:\Kuliah\KP\lab\labsepnop\system\View\View.php(226): CodeIgniter\View\View->render('template', Array, true)
#4 D:\Kuliah\KP\lab\labsepnop\system\Common.php(1089): CodeIgniter\View\View->render('modul', Array, true)
#5 D:\Kuliah\KP\lab\labsepnop\app\Controllers\Modullab.php(15): view('modul', Array)
#6 D:\Kuliah\KP\lab\labsepnop\system\CodeIgniter.php(832): App\Controllers\Modullab->index()
#7 D:\Kuliah\KP\lab\labsepnop\system\CodeIgniter.php(419): CodeIgniter\CodeIgniter->runController(Object(App\Controllers\Modullab))
#8 D:\Kuliah\KP\lab\labsepnop\system\CodeIgniter.php(326): CodeIgniter\CodeIgniter->handleRequest(NULL, Object(Config\Cache), false)
#9 D:\Kuliah\KP\lab\labsepnop\public\index.php(37): CodeIgniter\CodeIgniter->run()
#10 D:\Kuliah\KP\lab\labsepnop\system\Commands\Server\rewrite.php(43): require_once('D:\\Kuliah\\KP\\la...')
#11 {main}
CRITICAL - 2023-01-06 00:03:17 --> Undefined variable $menu
#0 D:\Kuliah\KP\lab\labsepnop\app\Views\template.php(44): CodeIgniter\Debug\Exceptions->errorHandler(2, 'Undefined varia...', 'D:\\Kuliah\\KP\\la...', 44)
#1 D:\Kuliah\KP\lab\labsepnop\system\View\View.php(210): include('D:\\Kuliah\\KP\\la...')
#2 D:\Kuliah\KP\lab\labsepnop\system\View\View.php(213): CodeIgniter\View\View->CodeIgniter\View\{closure}()
#3 D:\Kuliah\KP\lab\labsepnop\system\View\View.php(226): CodeIgniter\View\View->render('template', Array, true)
#4 D:\Kuliah\KP\lab\labsepnop\system\Common.php(1089): CodeIgniter\View\View->render('modul', Array, true)
#5 D:\Kuliah\KP\lab\labsepnop\app\Controllers\Modullab.php(15): view('modul', Array)
#6 D:\Kuliah\KP\lab\labsepnop\system\CodeIgniter.php(832): App\Controllers\Modullab->index()
#7 D:\Kuliah\KP\lab\labsepnop\system\CodeIgniter.php(419): CodeIgniter\CodeIgniter->runController(Object(App\Controllers\Modullab))
#8 D:\Kuliah\KP\lab\labsepnop\system\CodeIgniter.php(326): CodeIgniter\CodeIgniter->handleRequest(NULL, Object(Config\Cache), false)
#9 D:\Kuliah\KP\lab\labsepnop\public\index.php(37): CodeIgniter\CodeIgniter->run()
#10 D:\Kuliah\KP\lab\labsepnop\system\Commands\Server\rewrite.php(43): require_once('D:\\Kuliah\\KP\\la...')
#11 {main}
ERROR - 2023-01-06 01:02:51 --> Error connecting to the database: Access denied for user '****'@'localhost' (using password: NO)
CRITICAL - 2023-01-06 01:02:51 --> Unable to connect to the database.
Main connection [MySQLi]: Access denied for user '****'@'localhost' (using password: NO)
#0 D:\Kuliah\KP\lab\labsepnop\system\Database\BaseConnection.php(577): CodeIgniter\Database\BaseConnection->initialize()
#1 D:\Kuliah\KP\lab\labsepnop\system\Database\BaseBuilder.php(1455): CodeIgniter\Database\BaseConnection->query('SELECT *\nFROM `...', Array, false)
#2 D:\Kuliah\KP\lab\labsepnop\system\Model.php(183): CodeIgniter\Database\BaseBuilder->get()
#3 D:\Kuliah\KP\lab\labsepnop\system\BaseModel.php(584): CodeIgniter\Model->doFindAll(0, 0)
#4 D:\Kuliah\KP\lab\labsepnop\app\Controllers\JadwalPraktikum.php(20): CodeIgniter\BaseModel->findAll()
#5 D:\Kuliah\KP\lab\labsepnop\system\CodeIgniter.php(832): App\Controllers\JadwalPraktikum->index()
#6 D:\Kuliah\KP\lab\labsepnop\system\CodeIgniter.php(419): CodeIgniter\CodeIgniter->runController(Object(App\Controllers\JadwalPraktikum))
#7 D:\Kuliah\KP\lab\labsepnop\system\CodeIgniter.php(326): CodeIgniter\CodeIgniter->handleRequest(NULL, Object(Config\Cache), false)
#8 D:\Kuliah\KP\lab\labsepnop\public\index.php(37): CodeIgniter\CodeIgniter->run()
#9 D:\Kuliah\KP\lab\labsepnop\system\Commands\Server\rewrite.php(43): require_once('D:\\Kuliah\\KP\\la...')
#10 {main}
ERROR - 2023-01-06 01:04:09 --> Error connecting to the database: Access denied for user '****'@'localhost' (using password: NO)
CRITICAL - 2023-01-06 01:04:09 --> Unable to connect to the database.
Main connection [MySQLi]: Access denied for user '****'@'localhost' (using password: NO)
#0 D:\Kuliah\KP\lab\labsepnop\system\Database\BaseConnection.php(577): CodeIgniter\Database\BaseConnection->initialize()
#1 D:\Kuliah\KP\lab\labsepnop\system\Database\BaseBuilder.php(1455): CodeIgniter\Database\BaseConnection->query('SELECT *\nFROM `...', Array, false)
#2 D:\Kuliah\KP\lab\labsepnop\system\Model.php(183): CodeIgniter\Database\BaseBuilder->get()
#3 D:\Kuliah\KP\lab\labsepnop\system\BaseModel.php(584): CodeIgniter\Model->doFindAll(0, 0)
#4 D:\Kuliah\KP\lab\labsepnop\app\Controllers\DtlKrs.php(17): CodeIgniter\BaseModel->findAll()
#5 D:\Kuliah\KP\lab\labsepnop\system\CodeIgniter.php(832): App\Controllers\DtlKrs->index()
#6 D:\Kuliah\KP\lab\labsepnop\system\CodeIgniter.php(419): CodeIgniter\CodeIgniter->runController(Object(App\Controllers\DtlKrs))
#7 D:\Kuliah\KP\lab\labsepnop\system\CodeIgniter.php(326): CodeIgniter\CodeIgniter->handleRequest(NULL, Object(Config\Cache), false)
#8 D:\Kuliah\KP\lab\labsepnop\public\index.php(37): CodeIgniter\CodeIgniter->run()
#9 D:\Kuliah\KP\lab\labsepnop\system\Commands\Server\rewrite.php(43): require_once('D:\\Kuliah\\KP\\la...')
#10 {main}
ERROR - 2023-01-06 01:04:45 --> Error connecting to the database: Access denied for user '****'@'localhost' (using password: NO)
CRITICAL - 2023-01-06 01:04:45 --> Unable to connect to the database.
Main connection [MySQLi]: Access denied for user '****'@'localhost' (using password: NO)
#0 D:\Kuliah\KP\lab\labsepnop\system\Database\BaseConnection.php(577): CodeIgniter\Database\BaseConnection->initialize()
#1 D:\Kuliah\KP\lab\labsepnop\system\Database\BaseBuilder.php(1455): CodeIgniter\Database\BaseConnection->query('SELECT *\nFROM `...', Array, false)
#2 D:\Kuliah\KP\lab\labsepnop\system\Model.php(183): CodeIgniter\Database\BaseBuilder->get()
#3 D:\Kuliah\KP\lab\labsepnop\system\BaseModel.php(584): CodeIgniter\Model->doFindAll(0, 0)
#4 D:\Kuliah\KP\lab\labsepnop\app\Controllers\KrsMhs.php(20): CodeIgniter\BaseModel->findAll()
#5 D:\Kuliah\KP\lab\labsepnop\system\CodeIgniter.php(832): App\Controllers\KrsMhs->index()
#6 D:\Kuliah\KP\lab\labsepnop\system\CodeIgniter.php(419): CodeIgniter\CodeIgniter->runController(Object(App\Controllers\KrsMhs))
#7 D:\Kuliah\KP\lab\labsepnop\system\CodeIgniter.php(326): CodeIgniter\CodeIgniter->handleRequest(NULL, Object(Config\Cache), false)
#8 D:\Kuliah\KP\lab\labsepnop\public\index.php(37): CodeIgniter\CodeIgniter->run()
#9 D:\Kuliah\KP\lab\labsepnop\system\Commands\Server\rewrite.php(43): require_once('D:\\Kuliah\\KP\\la...')
#10 {main}
ERROR - 2023-01-06 01:06:33 --> Error connecting to the database: Access denied for user '****'@'localhost' (using password: NO)
CRITICAL - 2023-01-06 01:06:33 --> Unable to connect to the database.
Main connection [MySQLi]: Access denied for user '****'@'localhost' (using password: NO)
#0 D:\Kuliah\KP\lab\labsepnop\system\Database\BaseConnection.php(577): CodeIgniter\Database\BaseConnection->initialize()
#1 D:\Kuliah\KP\lab\labsepnop\system\Database\BaseBuilder.php(1455): CodeIgniter\Database\BaseConnection->query('SELECT *\nFROM `...', Array, false)
#2 D:\Kuliah\KP\lab\labsepnop\system\Model.php(183): CodeIgniter\Database\BaseBuilder->get()
#3 D:\Kuliah\KP\lab\labsepnop\system\BaseModel.php(584): CodeIgniter\Model->doFindAll(0, 0)
#4 D:\Kuliah\KP\lab\labsepnop\app\Controllers\Tahunakademik.php(18): CodeIgniter\BaseModel->findAll()
#5 D:\Kuliah\KP\lab\labsepnop\system\CodeIgniter.php(832): App\Controllers\Tahunakademik->index()
#6 D:\Kuliah\KP\lab\labsepnop\system\CodeIgniter.php(419): CodeIgniter\CodeIgniter->runController(Object(App\Controllers\Tahunakademik))
#7 D:\Kuliah\KP\lab\labsepnop\system\CodeIgniter.php(326): CodeIgniter\CodeIgniter->handleRequest(NULL, Object(Config\Cache), false)
#8 D:\Kuliah\KP\lab\labsepnop\public\index.php(37): CodeIgniter\CodeIgniter->run()
#9 D:\Kuliah\KP\lab\labsepnop\system\Commands\Server\rewrite.php(43): require_once('D:\\Kuliah\\KP\\la...')
#10 {main}
